2020-02-05 15:17:48.783  INFO 15276 --- [main] c.a.l.Lab2Application                    : Starting Lab2Application on WIN-33PMIT2UNTN with PID 15276 (H:\university\lab2\lab3\lab3server\target\classes started by User in H:\university\lab2\lab3\lab3server)
2020-02-05 15:17:48.793  INFO 15276 --- [main] c.a.l.Lab2Application                    : No active profile set, falling back to default profiles: default
2020-02-05 15:17:49.994  INFO 15276 --- [main] .s.d.r.c.RepositoryConfigurationDelegate : Bootstrapping Spring Data repositories in DEFAULT mode.
2020-02-05 15:17:50.117  INFO 15276 --- [main] .s.d.r.c.RepositoryConfigurationDelegate : Finished Spring Data repository scanning in 115ms. Found 5 repository interfaces.
2020-02-05 15:17:50.581  INFO 15276 --- [main] trationDelegate$BeanPostProcessorChecker : Bean 'org.springframework.transaction.annotation.ProxyTransactionManagementConfiguration' of type [org.springframework.transaction.annotation.ProxyTransactionManagementConfiguration$$EnhancerBySpringCGLIB$$c072b4a0] is not eligible for getting processed by all BeanPostProcessors (for example: not eligible for auto-proxying)
2020-02-05 15:17:51.013  INFO 15276 --- [main] o.s.b.w.e.t.TomcatWebServer              : Tomcat initialized with port(s): 8080 (http)
2020-02-05 15:17:51.065  INFO 15276 --- [main] o.a.c.c.StandardService                  : Starting service [Tomcat]
2020-02-05 15:17:51.067  INFO 15276 --- [main] o.a.c.c.StandardEngine                   : Starting Servlet engine: [Apache Tomcat/9.0.24]
2020-02-05 15:17:51.305  INFO 15276 --- [main] o.a.c.c.C.[.[.[/]                        : Initializing Spring embedded WebApplicationContext
2020-02-05 15:17:51.312  INFO 15276 --- [main] o.s.w.c.ContextLoader                    : Root WebApplicationContext: initialization completed in 2417 ms
2020-02-05 15:17:51.558  INFO 15276 --- [main] c.z.h.HikariDataSource                   : HikariPool-1 - Starting...
2020-02-05 15:17:51.747  INFO 15276 --- [main] c.z.h.HikariDataSource                   : HikariPool-1 - Start completed.
2020-02-05 15:17:51.829  INFO 15276 --- [main] o.h.j.i.u.LogHelper                      : HHH000204: Processing PersistenceUnitInfo [
	name: default
	...]
2020-02-05 15:17:51.982  INFO 15276 --- [main] o.h.Version                              : HHH000412: Hibernate Core {5.3.11.Final}
2020-02-05 15:17:51.983  INFO 15276 --- [main] o.h.c.Environment                        : HHH000206: hibernate.properties not found
2020-02-05 15:17:52.190  INFO 15276 --- [main] o.h.a.c.Version                          : HCANN000001: Hibernate Commons Annotations {5.0.4.Final}
2020-02-05 15:17:52.374  INFO 15276 --- [main] o.h.d.Dialect                            : HHH000400: Using dialect: org.hibernate.dialect.MySQL5Dialect
2020-02-05 15:17:53.796  INFO 15276 --- [main] j.LocalContainerEntityManagerFactoryBean : Initialized JPA EntityManagerFactory for persistence unit 'default'
2020-02-05 15:17:54.616  INFO 15276 --- [main] o.s.s.c.ThreadPoolTaskExecutor           : Initializing ExecutorService 'applicationTaskExecutor'
2020-02-05 15:17:54.647  WARN 15276 --- [main] aWebConfiguration$JpaWebMvcConfiguration : spring.jpa.open-in-view is enabled by default. Therefore, database queries may be performed during view rendering. Explicitly configure spring.jpa.open-in-view to disable this warning
2020-02-05 15:17:54.794  WARN 15276 --- [main] ion$DefaultTemplateResolverConfiguration : Cannot find template location: classpath:/templates/ (please add some templates or check your Thymeleaf configuration)
2020-02-05 15:17:55.002  INFO 15276 --- [main] o.s.b.w.e.t.TomcatWebServer              : Tomcat started on port(s): 8080 (http) with context path ''
2020-02-05 15:17:55.005  INFO 15276 --- [main] c.a.l.Lab2Application                    : Started Lab2Application in 7.046 seconds (JVM running for 9.352)
2020-02-05 15:18:17.002  INFO 15276 --- [http-nio-8080-exec-1] o.a.c.c.C.[.[.[/]                        : Initializing Spring DispatcherServlet 'dispatcherServlet'
2020-02-05 15:18:17.002  INFO 15276 --- [http-nio-8080-exec-1] o.s.w.s.DispatcherServlet                : Initializing Servlet 'dispatcherServlet'
2020-02-05 15:18:17.028  INFO 15276 --- [http-nio-8080-exec-1] o.s.w.s.DispatcherServlet                : Completed initialization in 26 ms
2020-02-05 15:18:17.110  INFO 15276 --- [http-nio-8080-exec-2] c.a.l.c.t.TransportController            : all transports
2020-02-05 15:18:17.172  INFO 15276 --- [http-nio-8080-exec-2] o.h.h.i.QueryTranslatorFactoryInitiator  : HHH000397: Using ASTQueryTranslatorFactory
2020-02-05 15:25:27.103  INFO 15276 --- [http-nio-8080-exec-6] c.a.l.c.r.RouteController                : all routes
2020-02-05 15:25:27.185  INFO 15276 --- [http-nio-8080-exec-7] c.a.l.c.r.RouteController                : all routes
2020-02-05 15:27:17.293  INFO 16496 --- [main] c.a.l.Lab2Application                    : Starting Lab2Application on WIN-33PMIT2UNTN with PID 16496 (H:\university\lab2\lab3\lab3server\target\classes started by User in H:\university\lab2\lab3\lab3server)
2020-02-05 15:27:17.311  INFO 16496 --- [main] c.a.l.Lab2Application                    : No active profile set, falling back to default profiles: default
2020-02-05 15:27:18.933  INFO 16496 --- [main] .s.d.r.c.RepositoryConfigurationDelegate : Bootstrapping Spring Data repositories in DEFAULT mode.
2020-02-05 15:27:19.068  INFO 16496 --- [main] .s.d.r.c.RepositoryConfigurationDelegate : Finished Spring Data repository scanning in 126ms. Found 5 repository interfaces.
2020-02-05 15:27:19.755  INFO 16496 --- [main] trationDelegate$BeanPostProcessorChecker : Bean 'org.springframework.transaction.annotation.ProxyTransactionManagementConfiguration' of type [org.springframework.transaction.annotation.ProxyTransactionManagementConfiguration$$EnhancerBySpringCGLIB$$35d95b3] is not eligible for getting processed by all BeanPostProcessors (for example: not eligible for auto-proxying)
2020-02-05 15:27:20.329  INFO 16496 --- [main] o.s.b.w.e.t.TomcatWebServer              : Tomcat initialized with port(s): 8080 (http)
2020-02-05 15:27:20.382  INFO 16496 --- [main] o.a.c.c.StandardService                  : Starting service [Tomcat]
2020-02-05 15:27:20.383  INFO 16496 --- [main] o.a.c.c.StandardEngine                   : Starting Servlet engine: [Apache Tomcat/9.0.24]
2020-02-05 15:27:20.716  INFO 16496 --- [main] o.a.c.c.C.[.[.[/]                        : Initializing Spring embedded WebApplicationContext
2020-02-05 15:27:20.716  INFO 16496 --- [main] o.s.w.c.ContextLoader                    : Root WebApplicationContext: initialization completed in 3280 ms
2020-02-05 15:27:21.033  INFO 16496 --- [main] c.z.h.HikariDataSource                   : HikariPool-1 - Starting...
2020-02-05 15:27:21.282  INFO 16496 --- [main] c.z.h.HikariDataSource                   : HikariPool-1 - Start completed.
2020-02-05 15:27:21.381  INFO 16496 --- [main] o.h.j.i.u.LogHelper                      : HHH000204: Processing PersistenceUnitInfo [
	name: default
	...]
2020-02-05 15:27:21.552  INFO 16496 --- [main] o.h.Version                              : HHH000412: Hibernate Core {5.3.11.Final}
2020-02-05 15:27:21.569  INFO 16496 --- [main] o.h.c.Environment                        : HHH000206: hibernate.properties not found
2020-02-05 15:27:21.814  INFO 16496 --- [main] o.h.a.c.Version                          : HCANN000001: Hibernate Commons Annotations {5.0.4.Final}
2020-02-05 15:27:22.060  INFO 16496 --- [main] o.h.d.Dialect                            : HHH000400: Using dialect: org.hibernate.dialect.MySQL5Dialect
2020-02-05 15:27:23.955  INFO 16496 --- [main] j.LocalContainerEntityManagerFactoryBean : Initialized JPA EntityManagerFactory for persistence unit 'default'
2020-02-05 15:27:25.184  INFO 16496 --- [main] o.s.s.c.ThreadPoolTaskExecutor           : Initializing ExecutorService 'applicationTaskExecutor'
2020-02-05 15:27:25.248  WARN 16496 --- [main] aWebConfiguration$JpaWebMvcConfiguration : spring.jpa.open-in-view is enabled by default. Therefore, database queries may be performed during view rendering. Explicitly configure spring.jpa.open-in-view to disable this warning
2020-02-05 15:27:25.408  WARN 16496 --- [main] ion$DefaultTemplateResolverConfiguration : Cannot find template location: classpath:/templates/ (please add some templates or check your Thymeleaf configuration)
2020-02-05 15:27:25.787  INFO 16496 --- [main] o.s.b.w.e.t.TomcatWebServer              : Tomcat started on port(s): 8080 (http) with context path ''
2020-02-05 15:27:25.792  INFO 16496 --- [main] c.a.l.Lab2Application                    : Started Lab2Application in 9.645 seconds (JVM running for 12.722)
2020-02-05 15:27:32.169  INFO 16496 --- [http-nio-8080-exec-1] o.a.c.c.C.[.[.[/]                        : Initializing Spring DispatcherServlet 'dispatcherServlet'
2020-02-05 15:27:32.169  INFO 16496 --- [http-nio-8080-exec-1] o.s.w.s.DispatcherServlet                : Initializing Servlet 'dispatcherServlet'
2020-02-05 15:27:32.179  INFO 16496 --- [http-nio-8080-exec-1] o.s.w.s.DispatcherServlet                : Completed initialization in 9 ms
2020-02-05 15:27:32.273  INFO 16496 --- [http-nio-8080-exec-2] c.a.l.c.t.TransportController            : all transports
2020-02-05 15:27:32.322  INFO 16496 --- [http-nio-8080-exec-2] o.h.h.i.QueryTranslatorFactoryInitiator  : HHH000397: Using ASTQueryTranslatorFactory
